<?xml version="1.0" encoding="UTF-8"?>
<definitions xmlns="http://www.omg.org/spec/BPMN/20100524/MODEL" xmlns:xsi="http://www.w3.org/2001/XMLSchema-instance" xmlns:xsd="http://www.w3.org/2001/XMLSchema" xmlns:flowable="http://flowable.org/bpmn" xmlns:bpmndi="http://www.omg.org/spec/BPMN/20100524/DI" xmlns:omgdc="http://www.omg.org/spec/DD/20100524/DC" xmlns:omgdi="http://www.omg.org/spec/DD/20100524/DI" typeLanguage="http://www.w3.org/2001/XMLSchema" expressionLanguage="http://www.w3.org/1999/XPath" targetNamespace="http://www.flowable.org/processdef">
  <process id="test-ill-gvpn-plan-workflow" name="test-ill-gvpn-plan-workflow" isExecutable="true">
    <documentation>test-ill-gvpn-plan-workflow</documentation>
    <startEvent id="sid-985A7369-CA4F-4620-8789-27ADAC996C09"></startEvent>
    <callActivity id="prepare_project_plan_process" name="Prepare Project Plan Process" calledElement="plan-sdwan-ill-macd-cb-service-fulfilment-handover-workflow" flowable:calledElementType="key" flowable:inheritVariables="true" flowable:fallbackToDefaultTenant="false">
      <extensionElements>
        <flowable:executionListener event="start" delegateExpression="${ processStartListener }"></flowable:executionListener>
        <flowable:executionListener event="end" delegateExpression="${ processEndListener }"></flowable:executionListener>
      </extensionElements>
    </callActivity>
    <endEvent id="sid-7406EC99-8028-4A3D-B77A-EA7D7BF70DD6"></endEvent>
    <sequenceFlow id="order_enrichment_stage_end" sourceRef="prepare_project_plan_process" targetRef="sid-7406EC99-8028-4A3D-B77A-EA7D7BF70DD6">
      <extensionElements>
        <flowable:executionListener event="end" delegateExpression="${ stageEndListener }"></flowable:executionListener>
      </extensionElements>
    </sequenceFlow>
    <sequenceFlow id="order_enrichment_stage_start" sourceRef="sid-985A7369-CA4F-4620-8789-27ADAC996C09" targetRef="prepare_project_plan_process">
      <extensionElements>
        <flowable:executionListener event="start" delegateExpression="${ stageStartListener }"></flowable:executionListener>
      </extensionElements>
    </sequenceFlow>
  </process>
  <bpmndi:BPMNDiagram id="BPMNDiagram_test-ill-gvpn-plan-workflow">
    <bpmndi:BPMNPlane bpmnElement="test-ill-gvpn-plan-workflow" id="BPMNPlane_test-ill-gvpn-plan-workflow">
      <bpmndi:BPMNShape bpmnElement="sid-985A7369-CA4F-4620-8789-27ADAC996C09" id="BPMNShape_sid-985A7369-CA4F-4620-8789-27ADAC996C09">
        <omgdc:Bounds height="30.0" width="30.0" x="50.5" y="43.0"></omgdc:Bounds>
      </bpmndi:BPMNShape>
      <bpmndi:BPMNShape bpmnElement="prepare_project_plan_process" id="BPMNShape_prepare_project_plan_process">
        <omgdc:Bounds height="52.0" width="80.0" x="150.0" y="30.0"></omgdc:Bounds>
      </bpmndi:BPMNShape>
      <bpmndi:BPMNShape bpmnElement="sid-7406EC99-8028-4A3D-B77A-EA7D7BF70DD6" id="BPMNShape_sid-7406EC99-8028-4A3D-B77A-EA7D7BF70DD6">
        <omgdc:Bounds height="28.0" width="28.0" x="275.0" y="42.0"></omgdc:Bounds>
      </bpmndi:BPMNShape>
      <bpmndi:BPMNEdge bpmnElement="order_enrichment_stage_start" id="BPMNEdge_order_enrichment_stage_start">
        <omgdi:waypoint x="80.44811050444336" y="57.75906659943643"></omgdi:waypoint>
        <omgdi:waypoint x="149.99999999999994" y="56.6417670682731"></omgdi:waypoint>
      </bpmndi:BPMNEdge>
      <bpmndi:BPMNEdge bpmnElement="order_enrichment_stage_end" id="BPMNEdge_order_enrichment_stage_end">
        <omgdi:waypoint x="229.9499999999888" y="56.0"></omgdi:waypoint>
        <omgdi:waypoint x="275.0" y="56.0"></omgdi:waypoint>
      </bpmndi:BPMNEdge>
    </bpmndi:BPMNPlane>
  </bpmndi:BPMNDiagram>
</definitions>